<?xml version="1.0" encoding="utf-8"?><testsuites name="pytest tests"><testsuite name="pytest" errors="0" failures="0" skipped="0" tests="15" time="7.302" timestamp="2026-05-30T20:33:59.558357+00:00" hostname="agent-env-3df504c4-6006-4738-983d-b7a7c0274303"><testcase classname="tests.backend_test.TestHealth" name="test_health_ok" time="0.292" /><testcase classname="tests.backend_test.TestDocuments" name="test_list_returns_seed_docs" time="0.055" /><testcase classname="tests.backend_test.TestDocuments" name="test_stats_shape_and_counts" time="0.052" /><testcase classname="tests.backend_test.TestDocuments" name="test_get_single_doc_has_10_fields_and_raw_text" time="0.102" /><testcase classname="tests.backend_test.TestDocuments" name="test_get_invalid_id_returns_400" time="0.051" /><testcase classname="tests.backend_test.TestDocuments" name="test_get_unknown_id_returns_404" time="0.051" /><testcase classname="tests.backend_test.TestUpload" name="test_upload_rejects_non_pdf" time="0.057" /><testcase classname="tests.backend_test.TestUpload" name="test_upload_text_pdf_extracts_all_fields" time="6.010" /><testcase classname="tests.backend_test.TestUpload" name="test_upload_does_not_invent_missing" time="0.000" /><testcase classname="tests.backend_test.TestDraftAndApprove" name="test_save_draft_updates_value" time="0.119" /><testcase classname="tests.backend_test.TestDraftAndApprove" name="test_approve_promotes_status" time="0.054" /><testcase classname="tests.backend_test.TestDraftAndApprove" name="test_approved_doc_cannot_be_drafted" time="0.053" /><testcase classname="tests.backend_test.TestExport" name="test_export_returns_csv_with_14_columns" time="0.049" /><testcase classname="tests.backend_test.TestExport" name="test_approved_count_endpoint" time="0.051" /><testcase classname="tests.backend_test.TestExport" name="test_empty_export_message_when_no_approved" time="0.174" /></testsuite></testsuites>